<?xml version="1.0" encoding="UTF-8"?>
<testsuite xmlns:xsi="http://www.w3.org/2001/XMLSchema-instance" xsi:noNamespaceSchemaLocation="https://maven.apache.org/surefire/maven-surefire-plugin/xsd/surefire-test-report.xsd" name="com.info7255.demo.DemoApplicationTests" time="1.894" tests="1" errors="0" skipped="0" failures="0">
  <properties>
    <property name="gopherProxySet" value="false"/>
    <property name="awt.toolkit" value="sun.lwawt.macosx.LWCToolkit"/>
    <property name="java.specification.version" value="11"/>
    <property name="sun.cpu.isalist" value=""/>
    <property name="sun.jnu.encoding" value="UTF-8"/>
    <property name="java.class.path" value="/Users/varshakuruva/Desktop/Big Data Indexing/Demo3_bleh/Demo 3/demo_3_test/target/test-classes:/Users/varshakuruva/Desktop/Big Data Indexing/Demo3_bleh/Demo 3/demo_3_test/target/classes:/Users/varshakuruva/.m2/repository/org/springframework/boot/spring-boot-starter-web/2.7.2/spring-boot-starter-web-2.7.2.jar:/Users/varshakuruva/.m2/repository/org/springframework/boot/spring-boot-starter/2.7.2/spring-boot-starter-2.7.2.jar:/Users/varshakuruva/.m2/repository/org/springframework/boot/spring-boot/2.7.2/spring-boot-2.7.2.jar:/Users/varshakuruva/.m2/repository/org/springframework/boot/spring-boot-autoconfigure/2.7.2/spring-boot-autoconfigure-2.7.2.jar:/Users/varshakuruva/.m2/repository/org/springframework/boot/spring-boot-starter-logging/2.7.2/spring-boot-starter-logging-2.7.2.jar:/Users/varshakuruva/.m2/repository/ch/qos/logback/logback-classic/1.2.11/logback-classic-1.2.11.jar:/Users/varshakuruva/.m2/repository/ch/qos/logback/logback-core/1.2.11/logback-core-1.2.11.jar:/Users/varshakuruva/.m2/repository/org/apache/logging/log4j/log4j-to-slf4j/2.17.2/log4j-to-slf4j-2.17.2.jar:/Users/varshakuruva/.m2/repository/org/slf4j/jul-to-slf4j/1.7.36/jul-to-slf4j-1.7.36.jar:/Users/varshakuruva/.m2/repository/jakarta/annotation/jakarta.annotation-api/1.3.5/jakarta.annotation-api-1.3.5.jar:/Users/varshakuruva/.m2/repository/org/yaml/snakeyaml/1.30/snakeyaml-1.30.jar:/Users/varshakuruva/.m2/repository/org/springframework/boot/spring-boot-starter-json/2.7.2/spring-boot-starter-json-2.7.2.jar:/Users/varshakuruva/.m2/repository/com/fasterxml/jackson/datatype/jackson-datatype-jdk8/2.13.3/jackson-datatype-jdk8-2.13.3.jar:/Users/varshakuruva/.m2/repository/com/fasterxml/jackson/datatype/jackson-datatype-jsr310/2.13.3/jackson-datatype-jsr310-2.13.3.jar:/Users/varshakuruva/.m2/repository/com/fasterxml/jackson/module/jackson-module-parameter-names/2.13.3/jackson-module-parameter-names-2.13.3.jar:/Users/varshakuruva/.m2/repository/org/springframework/boot/spring-boot-starter-tomcat/2.7.2/spring-boot-starter-tomcat-2.7.2.jar:/Users/varshakuruva/.m2/repository/org/apache/tomcat/embed/tomcat-embed-core/9.0.65/tomcat-embed-core-9.0.65.jar:/Users/varshakuruva/.m2/repository/org/apache/tomcat/embed/tomcat-embed-el/9.0.65/tomcat-embed-el-9.0.65.jar:/Users/varshakuruva/.m2/repository/org/apache/tomcat/embed/tomcat-embed-websocket/9.0.65/tomcat-embed-websocket-9.0.65.jar:/Users/varshakuruva/.m2/repository/org/springframework/spring-web/5.3.22/spring-web-5.3.22.jar:/Users/varshakuruva/.m2/repository/org/springframework/spring-beans/5.3.22/spring-beans-5.3.22.jar:/Users/varshakuruva/.m2/repository/org/springframework/spring-webmvc/5.3.22/spring-webmvc-5.3.22.jar:/Users/varshakuruva/.m2/repository/org/springframework/spring-expression/5.3.22/spring-expression-5.3.22.jar:/Users/varshakuruva/.m2/repository/org/springframework/data/spring-data-redis/2.4.3/spring-data-redis-2.4.3.jar:/Users/varshakuruva/.m2/repository/org/springframework/data/spring-data-keyvalue/2.7.2/spring-data-keyvalue-2.7.2.jar:/Users/varshakuruva/.m2/repository/org/springframework/spring-tx/5.3.22/spring-tx-5.3.22.jar:/Users/varshakuruva/.m2/repository/org/springframework/spring-oxm/5.3.22/spring-oxm-5.3.22.jar:/Users/varshakuruva/.m2/repository/org/springframework/spring-aop/5.3.22/spring-aop-5.3.22.jar:/Users/varshakuruva/.m2/repository/org/springframework/spring-context-support/5.3.22/spring-context-support-5.3.22.jar:/Users/varshakuruva/.m2/repository/org/slf4j/slf4j-api/1.7.36/slf4j-api-1.7.36.jar:/Users/varshakuruva/.m2/repository/redis/clients/jedis/3.5.1/jedis-3.5.1.jar:/Users/varshakuruva/.m2/repository/org/apache/commons/commons-pool2/2.11.1/commons-pool2-2.11.1.jar:/Users/varshakuruva/.m2/repository/org/json/json/20201115/json-20201115.jar:/Users/varshakuruva/.m2/repository/com/fasterxml/jackson/core/jackson-databind/2.12.1/jackson-databind-2.12.1.jar:/Users/varshakuruva/.m2/repository/com/fasterxml/jackson/core/jackson-annotations/2.13.3/jackson-annotations-2.13.3.jar:/Users/varshakuruva/.m2/repository/org/everit/json/org.everit.json.schema/1.5.1/org.everit.json.schema-1.5.1.jar:/Users/varshakuruva/.m2/repository/com/google/guava/guava/19.0/guava-19.0.jar:/Users/varshakuruva/.m2/repository/commons-validator/commons-validator/1.5.1/commons-validator-1.5.1.jar:/Users/varshakuruva/.m2/repository/commons-beanutils/commons-beanutils/1.9.2/commons-beanutils-1.9.2.jar:/Users/varshakuruva/.m2/repository/commons-digester/commons-digester/1.8.1/commons-digester-1.8.1.jar:/Users/varshakuruva/.m2/repository/commons-logging/commons-logging/1.2/commons-logging-1.2.jar:/Users/varshakuruva/.m2/repository/commons-collections/commons-collections/3.2.2/commons-collections-3.2.2.jar:/Users/varshakuruva/.m2/repository/io/jsonwebtoken/jjwt/0.9.1/jjwt-0.9.1.jar:/Users/varshakuruva/.m2/repository/javax/xml/bind/jaxb-api/2.3.1/jaxb-api-2.3.1.jar:/Users/varshakuruva/.m2/repository/javax/activation/javax.activation-api/1.2.0/javax.activation-api-1.2.0.jar:/Users/varshakuruva/.m2/repository/com/fasterxml/jackson/core/jackson-core/2.12.1/jackson-core-2.12.1.jar:/Users/varshakuruva/.m2/repository/org/springframework/boot/spring-boot-starter-test/2.7.2/spring-boot-starter-test-2.7.2.jar:/Users/varshakuruva/.m2/repository/org/springframework/boot/spring-boot-test/2.7.2/spring-boot-test-2.7.2.jar:/Users/varshakuruva/.m2/repository/org/springframework/boot/spring-boot-test-autoconfigure/2.7.2/spring-boot-test-autoconfigure-2.7.2.jar:/Users/varshakuruva/.m2/repository/com/jayway/jsonpath/json-path/2.7.0/json-path-2.7.0.jar:/Users/varshakuruva/.m2/repository/net/minidev/json-smart/2.4.8/json-smart-2.4.8.jar:/Users/varshakuruva/.m2/repository/net/minidev/accessors-smart/2.4.8/accessors-smart-2.4.8.jar:/Users/varshakuruva/.m2/repository/org/ow2/asm/asm/9.1/asm-9.1.jar:/Users/varshakuruva/.m2/repository/jakarta/xml/bind/jakarta.xml.bind-api/2.3.3/jakarta.xml.bind-api-2.3.3.jar:/Users/varshakuruva/.m2/repository/jakarta/activation/jakarta.activation-api/1.2.2/jakarta.activation-api-1.2.2.jar:/Users/varshakuruva/.m2/repository/org/assertj/assertj-core/3.22.0/assertj-core-3.22.0.jar:/Users/varshakuruva/.m2/repository/org/hamcrest/hamcrest/2.2/hamcrest-2.2.jar:/Users/varshakuruva/.m2/repository/org/junit/jupiter/junit-jupiter/5.8.2/junit-jupiter-5.8.2.jar:/Users/varshakuruva/.m2/repository/org/junit/jupiter/junit-jupiter-api/5.8.2/junit-jupiter-api-5.8.2.jar:/Users/varshakuruva/.m2/repository/org/opentest4j/opentest4j/1.2.0/opentest4j-1.2.0.jar:/Users/varshakuruva/.m2/repository/org/junit/platform/junit-platform-commons/1.8.2/junit-platform-commons-1.8.2.jar:/Users/varshakuruva/.m2/repository/org/apiguardian/apiguardian-api/1.1.2/apiguardian-api-1.1.2.jar:/Users/varshakuruva/.m2/repository/org/junit/jupiter/junit-jupiter-params/5.8.2/junit-jupiter-params-5.8.2.jar:/Users/varshakuruva/.m2/repository/org/junit/jupiter/junit-jupiter-engine/5.8.2/junit-jupiter-engine-5.8.2.jar:/Users/varshakuruva/.m2/repository/org/junit/platform/junit-platform-engine/1.8.2/junit-platform-engine-1.8.2.jar:/Users/varshakuruva/.m2/repository/org/mockito/mockito-core/4.5.1/mockito-core-4.5.1.jar:/Users/varshakuruva/.m2/repository/net/bytebuddy/byte-buddy/1.12.12/byte-buddy-1.12.12.jar:/Users/varshakuruva/.m2/repository/net/bytebuddy/byte-buddy-agent/1.12.12/byte-buddy-agent-1.12.12.jar:/Users/varshakuruva/.m2/repository/org/objenesis/objenesis/3.2/objenesis-3.2.jar:/Users/varshakuruva/.m2/repository/org/mockito/mockito-junit-jupiter/4.5.1/mockito-junit-jupiter-4.5.1.jar:/Users/varshakuruva/.m2/repository/org/skyscreamer/jsonassert/1.5.1/jsonassert-1.5.1.jar:/Users/varshakuruva/.m2/repository/com/vaadin/external/google/android-json/0.0.20131108.vaadin1/android-json-0.0.20131108.vaadin1.jar:/Users/varshakuruva/.m2/repository/org/springframework/spring-core/5.3.22/spring-core-5.3.22.jar:/Users/varshakuruva/.m2/repository/org/springframework/spring-jcl/5.3.22/spring-jcl-5.3.22.jar:/Users/varshakuruva/.m2/repository/org/springframework/spring-test/5.3.22/spring-test-5.3.22.jar:/Users/varshakuruva/.m2/repository/org/xmlunit/xmlunit-core/2.9.0/xmlunit-core-2.9.0.jar:/Users/varshakuruva/.m2/repository/org/apache/httpcomponents/httpclient/4.5.12/httpclient-4.5.12.jar:/Users/varshakuruva/.m2/repository/org/apache/httpcomponents/httpcore/4.4.15/httpcore-4.4.15.jar:/Users/varshakuruva/.m2/repository/commons-codec/commons-codec/1.15/commons-codec-1.15.jar:/Users/varshakuruva/.m2/repository/com/rabbitmq/amqp-client/5.8.0/amqp-client-5.8.0.jar:/Users/varshakuruva/.m2/repository/org/springframework/boot/spring-boot-starter-amqp/2.7.2/spring-boot-starter-amqp-2.7.2.jar:/Users/varshakuruva/.m2/repository/org/springframework/spring-messaging/5.3.22/spring-messaging-5.3.22.jar:/Users/varshakuruva/.m2/repository/org/springframework/amqp/spring-rabbit/2.4.6/spring-rabbit-2.4.6.jar:/Users/varshakuruva/.m2/repository/org/springframework/amqp/spring-amqp/2.4.6/spring-amqp-2.4.6.jar:/Users/varshakuruva/.m2/repository/org/springframework/retry/spring-retry/1.3.3/spring-retry-1.3.3.jar:/Users/varshakuruva/.m2/repository/org/elasticsearch/client/elasticsearch-rest-high-level-client/7.17.4/elasticsearch-rest-high-level-client-7.17.4.jar:/Users/varshakuruva/.m2/repository/org/elasticsearch/elasticsearch/7.17.4/elasticsearch-7.17.4.jar:/Users/varshakuruva/.m2/repository/org/elasticsearch/elasticsearch-core/7.17.4/elasticsearch-core-7.17.4.jar:/Users/varshakuruva/.m2/repository/org/elasticsearch/elasticsearch-secure-sm/7.17.4/elasticsearch-secure-sm-7.17.4.jar:/Users/varshakuruva/.m2/repository/org/elasticsearch/elasticsearch-x-content/7.17.4/elasticsearch-x-content-7.17.4.jar:/Users/varshakuruva/.m2/repository/com/fasterxml/jackson/dataformat/jackson-dataformat-smile/2.13.3/jackson-dataformat-smile-2.13.3.jar:/Users/varshakuruva/.m2/repository/com/fasterxml/jackson/dataformat/jackson-dataformat-yaml/2.13.3/jackson-dataformat-yaml-2.13.3.jar:/Users/varshakuruva/.m2/repository/com/fasterxml/jackson/dataformat/jackson-dataformat-cbor/2.13.3/jackson-dataformat-cbor-2.13.3.jar:/Users/varshakuruva/.m2/repository/org/elasticsearch/elasticsearch-geo/7.17.4/elasticsearch-geo-7.17.4.jar:/Users/varshakuruva/.m2/repository/org/elasticsearch/elasticsearch-lz4/7.17.4/elasticsearch-lz4-7.17.4.jar:/Users/varshakuruva/.m2/repository/org/lz4/lz4-java/1.8.0/lz4-java-1.8.0.jar:/Users/varshakuruva/.m2/repository/org/apache/lucene/lucene-core/8.11.1/lucene-core-8.11.1.jar:/Users/varshakuruva/.m2/repository/org/apache/lucene/lucene-analyzers-common/8.11.1/lucene-analyzers-common-8.11.1.jar:/Users/varshakuruva/.m2/repository/org/apache/lucene/lucene-backward-codecs/8.11.1/lucene-backward-codecs-8.11.1.jar:/Users/varshakuruva/.m2/repository/org/apache/lucene/lucene-grouping/8.11.1/lucene-grouping-8.11.1.jar:/Users/varshakuruva/.m2/repository/org/apache/lucene/lucene-highlighter/8.11.1/lucene-highlighter-8.11.1.jar:/Users/varshakuruva/.m2/repository/org/apache/lucene/lucene-join/8.11.1/lucene-join-8.11.1.jar:/Users/varshakuruva/.m2/repository/org/apache/lucene/lucene-memory/8.11.1/lucene-memory-8.11.1.jar:/Users/varshakuruva/.m2/repository/org/apache/lucene/lucene-misc/8.11.1/lucene-misc-8.11.1.jar:/Users/varshakuruva/.m2/repository/org/apache/lucene/lucene-queries/8.11.1/lucene-queries-8.11.1.jar:/Users/varshakuruva/.m2/repository/org/apache/lucene/lucene-queryparser/8.11.1/lucene-queryparser-8.11.1.jar:/Users/varshakuruva/.m2/repository/org/apache/lucene/lucene-sandbox/8.11.1/lucene-sandbox-8.11.1.jar:/Users/varshakuruva/.m2/repository/org/apache/lucene/lucene-spatial3d/8.11.1/lucene-spatial3d-8.11.1.jar:/Users/varshakuruva/.m2/repository/org/apache/lucene/lucene-suggest/8.11.1/lucene-suggest-8.11.1.jar:/Users/varshakuruva/.m2/repository/org/elasticsearch/elasticsearch-cli/7.17.4/elasticsearch-cli-7.17.4.jar:/Users/varshakuruva/.m2/repository/net/sf/jopt-simple/jopt-simple/5.0.2/jopt-simple-5.0.2.jar:/Users/varshakuruva/.m2/repository/com/carrotsearch/hppc/0.8.1/hppc-0.8.1.jar:/Users/varshakuruva/.m2/repository/joda-time/joda-time/2.10.10/joda-time-2.10.10.jar:/Users/varshakuruva/.m2/repository/com/tdunning/t-digest/3.2/t-digest-3.2.jar:/Users/varshakuruva/.m2/repository/org/hdrhistogram/HdrHistogram/2.1.9/HdrHistogram-2.1.9.jar:/Users/varshakuruva/.m2/repository/org/apache/logging/log4j/log4j-api/2.17.2/log4j-api-2.17.2.jar:/Users/varshakuruva/.m2/repository/net/java/dev/jna/jna/5.10.0/jna-5.10.0.jar:/Users/varshakuruva/.m2/repository/org/elasticsearch/elasticsearch-plugin-classloader/7.17.4/elasticsearch-plugin-classloader-7.17.4.jar:/Users/varshakuruva/.m2/repository/org/elasticsearch/client/elasticsearch-rest-client/7.17.4/elasticsearch-rest-client-7.17.4.jar:/Users/varshakuruva/.m2/repository/org/apache/httpcomponents/httpasyncclient/4.1.5/httpasyncclient-4.1.5.jar:/Users/varshakuruva/.m2/repository/org/apache/httpcomponents/httpcore-nio/4.4.15/httpcore-nio-4.4.15.jar:/Users/varshakuruva/.m2/repository/org/elasticsearch/plugin/mapper-extras-client/7.17.4/mapper-extras-client-7.17.4.jar:/Users/varshakuruva/.m2/repository/org/elasticsearch/plugin/parent-join-client/7.17.4/parent-join-client-7.17.4.jar:/Users/varshakuruva/.m2/repository/org/elasticsearch/plugin/aggs-matrix-stats-client/7.17.4/aggs-matrix-stats-client-7.17.4.jar:/Users/varshakuruva/.m2/repository/org/elasticsearch/plugin/rank-eval-client/7.17.4/rank-eval-client-7.17.4.jar:/Users/varshakuruva/.m2/repository/org/elasticsearch/plugin/lang-mustache-client/7.17.4/lang-mustache-client-7.17.4.jar:/Users/varshakuruva/.m2/repository/com/github/spullara/mustache/java/compiler/0.9.6/compiler-0.9.6.jar:/Users/varshakuruva/.m2/repository/org/springframework/data/spring-data-elasticsearch/4.1.3/spring-data-elasticsearch-4.1.3.jar:/Users/varshakuruva/.m2/repository/org/springframework/spring-context/5.3.22/spring-context-5.3.22.jar:/Users/varshakuruva/.m2/repository/org/springframework/data/spring-data-commons/2.7.2/spring-data-commons-2.7.2.jar:/Users/varshakuruva/.m2/repository/org/elasticsearch/client/transport/7.17.4/transport-7.17.4.jar:/Users/varshakuruva/.m2/repository/org/elasticsearch/plugin/reindex-client/7.17.4/reindex-client-7.17.4.jar:/Users/varshakuruva/.m2/repository/org/elasticsearch/elasticsearch-ssl-config/7.17.4/elasticsearch-ssl-config-7.17.4.jar:/Users/varshakuruva/.m2/repository/org/elasticsearch/plugin/percolator-client/7.17.4/percolator-client-7.17.4.jar:/Users/varshakuruva/.m2/repository/org/elasticsearch/plugin/transport-netty4-client/7.17.4/transport-netty4-client-7.17.4.jar:/Users/varshakuruva/.m2/repository/io/netty/netty-buffer/4.1.79.Final/netty-buffer-4.1.79.Final.jar:/Users/varshakuruva/.m2/repository/io/netty/netty-codec/4.1.79.Final/netty-codec-4.1.79.Final.jar:/Users/varshakuruva/.m2/repository/io/netty/netty-codec-http/4.1.79.Final/netty-codec-http-4.1.79.Final.jar:/Users/varshakuruva/.m2/repository/io/netty/netty-common/4.1.79.Final/netty-common-4.1.79.Final.jar:/Users/varshakuruva/.m2/repository/io/netty/netty-handler/4.1.79.Final/netty-handler-4.1.79.Final.jar:/Users/varshakuruva/.m2/repository/io/netty/netty-resolver/4.1.79.Final/netty-resolver-4.1.79.Final.jar:/Users/varshakuruva/.m2/repository/io/netty/netty-transport/4.1.79.Final/netty-transport-4.1.79.Final.jar:"/>
    <property name="java.vm.vendor" value="Oracle Corporation"/>
    <property name="sun.arch.data.model" value="64"/>
    <property name="java.vendor.url" value="https://openjdk.java.net/"/>
    <property name="user.timezone" value=""/>
    <property name="java.vm.specification.version" value="11"/>
    <property name="os.name" value="Mac OS X"/>
    <property name="sun.java.launcher" value="SUN_STANDARD"/>
    <property name="user.country" value="US"/>
    <property name="sun.boot.library.path" value="/Library/Java/JavaVirtualMachines/jdk-11.0.16.1.jdk/Contents/Home/lib"/>
    <property name="sun.java.command" value="/Users/varshakuruva/Desktop/Big Data Indexing/Demo3_bleh/Demo 3/demo_3_test/target/surefire/surefirebooter1606036663214740879.jar /Users/varshakuruva/Desktop/Big Data Indexing/Demo3_bleh/Demo 3/demo_3_test/target/surefire 2023-12-02T01-56-54_699-jvmRun1 surefire3283167188312432313tmp surefire_015558374867699273895tmp"/>
    <property name="http.nonProxyHosts" value="local|*.local|169.254/16|*.169.254/16"/>
    <property name="jdk.debug" value="release"/>
    <property name="surefire.test.class.path" value="/Users/varshakuruva/Desktop/Big Data Indexing/Demo3_bleh/Demo 3/demo_3_test/target/test-classes:/Users/varshakuruva/Desktop/Big Data Indexing/Demo3_bleh/Demo 3/demo_3_test/target/classes:/Users/varshakuruva/.m2/repository/org/springframework/boot/spring-boot-starter-web/2.7.2/spring-boot-starter-web-2.7.2.jar:/Users/varshakuruva/.m2/repository/org/springframework/boot/spring-boot-starter/2.7.2/spring-boot-starter-2.7.2.jar:/Users/varshakuruva/.m2/repository/org/springframework/boot/spring-boot/2.7.2/spring-boot-2.7.2.jar:/Users/varshakuruva/.m2/repository/org/springframework/boot/spring-boot-autoconfigure/2.7.2/spring-boot-autoconfigure-2.7.2.jar:/Users/varshakuruva/.m2/repository/org/springframework/boot/spring-boot-starter-logging/2.7.2/spring-boot-starter-logging-2.7.2.jar:/Users/varshakuruva/.m2/repository/ch/qos/logback/logback-classic/1.2.11/logback-classic-1.2.11.jar:/Users/varshakuruva/.m2/repository/ch/qos/logback/logback-core/1.2.11/logback-core-1.2.11.jar:/Users/varshakuruva/.m2/repository/org/apache/logging/log4j/log4j-to-slf4j/2.17.2/log4j-to-slf4j-2.17.2.jar:/Users/varshakuruva/.m2/repository/org/slf4j/jul-to-slf4j/1.7.36/jul-to-slf4j-1.7.36.jar:/Users/varshakuruva/.m2/repository/jakarta/annotation/jakarta.annotation-api/1.3.5/jakarta.annotation-api-1.3.5.jar:/Users/varshakuruva/.m2/repository/org/yaml/snakeyaml/1.30/snakeyaml-1.30.jar:/Users/varshakuruva/.m2/repository/org/springframework/boot/spring-boot-starter-json/2.7.2/spring-boot-starter-json-2.7.2.jar:/Users/varshakuruva/.m2/repository/com/fasterxml/jackson/datatype/jackson-datatype-jdk8/2.13.3/jackson-datatype-jdk8-2.13.3.jar:/Users/varshakuruva/.m2/repository/com/fasterxml/jackson/datatype/jackson-datatype-jsr310/2.13.3/jackson-datatype-jsr310-2.13.3.jar:/Users/varshakuruva/.m2/repository/com/fasterxml/jackson/module/jackson-module-parameter-names/2.13.3/jackson-module-parameter-names-2.13.3.jar:/Users/varshakuruva/.m2/repository/org/springframework/boot/spring-boot-starter-tomcat/2.7.2/spring-boot-starter-tomcat-2.7.2.jar:/Users/varshakuruva/.m2/repository/org/apache/tomcat/embed/tomcat-embed-core/9.0.65/tomcat-embed-core-9.0.65.jar:/Users/varshakuruva/.m2/repository/org/apache/tomcat/embed/tomcat-embed-el/9.0.65/tomcat-embed-el-9.0.65.jar:/Users/varshakuruva/.m2/repository/org/apache/tomcat/embed/tomcat-embed-websocket/9.0.65/tomcat-embed-websocket-9.0.65.jar:/Users/varshakuruva/.m2/repository/org/springframework/spring-web/5.3.22/spring-web-5.3.22.jar:/Users/varshakuruva/.m2/repository/org/springframework/spring-beans/5.3.22/spring-beans-5.3.22.jar:/Users/varshakuruva/.m2/repository/org/springframework/spring-webmvc/5.3.22/spring-webmvc-5.3.22.jar:/Users/varshakuruva/.m2/repository/org/springframework/spring-expression/5.3.22/spring-expression-5.3.22.jar:/Users/varshakuruva/.m2/repository/org/springframework/data/spring-data-redis/2.4.3/spring-data-redis-2.4.3.jar:/Users/varshakuruva/.m2/repository/org/springframework/data/spring-data-keyvalue/2.7.2/spring-data-keyvalue-2.7.2.jar:/Users/varshakuruva/.m2/repository/org/springframework/spring-tx/5.3.22/spring-tx-5.3.22.jar:/Users/varshakuruva/.m2/repository/org/springframework/spring-oxm/5.3.22/spring-oxm-5.3.22.jar:/Users/varshakuruva/.m2/repository/org/springframework/spring-aop/5.3.22/spring-aop-5.3.22.jar:/Users/varshakuruva/.m2/repository/org/springframework/spring-context-support/5.3.22/spring-context-support-5.3.22.jar:/Users/varshakuruva/.m2/repository/org/slf4j/slf4j-api/1.7.36/slf4j-api-1.7.36.jar:/Users/varshakuruva/.m2/repository/redis/clients/jedis/3.5.1/jedis-3.5.1.jar:/Users/varshakuruva/.m2/repository/org/apache/commons/commons-pool2/2.11.1/commons-pool2-2.11.1.jar:/Users/varshakuruva/.m2/repository/org/json/json/20201115/json-20201115.jar:/Users/varshakuruva/.m2/repository/com/fasterxml/jackson/core/jackson-databind/2.12.1/jackson-databind-2.12.1.jar:/Users/varshakuruva/.m2/repository/com/fasterxml/jackson/core/jackson-annotations/2.13.3/jackson-annotations-2.13.3.jar:/Users/varshakuruva/.m2/repository/org/everit/json/org.everit.json.schema/1.5.1/org.everit.json.schema-1.5.1.jar:/Users/varshakuruva/.m2/repository/com/google/guava/guava/19.0/guava-19.0.jar:/Users/varshakuruva/.m2/repository/commons-validator/commons-validator/1.5.1/commons-validator-1.5.1.jar:/Users/varshakuruva/.m2/repository/commons-beanutils/commons-beanutils/1.9.2/commons-beanutils-1.9.2.jar:/Users/varshakuruva/.m2/repository/commons-digester/commons-digester/1.8.1/commons-digester-1.8.1.jar:/Users/varshakuruva/.m2/repository/commons-logging/commons-logging/1.2/commons-logging-1.2.jar:/Users/varshakuruva/.m2/repository/commons-collections/commons-collections/3.2.2/commons-collections-3.2.2.jar:/Users/varshakuruva/.m2/repository/io/jsonwebtoken/jjwt/0.9.1/jjwt-0.9.1.jar:/Users/varshakuruva/.m2/repository/javax/xml/bind/jaxb-api/2.3.1/jaxb-api-2.3.1.jar:/Users/varshakuruva/.m2/repository/javax/activation/javax.activation-api/1.2.0/javax.activation-api-1.2.0.jar:/Users/varshakuruva/.m2/repository/com/fasterxml/jackson/core/jackson-core/2.12.1/jackson-core-2.12.1.jar:/Users/varshakuruva/.m2/repository/org/springframework/boot/spring-boot-starter-test/2.7.2/spring-boot-starter-test-2.7.2.jar:/Users/varshakuruva/.m2/repository/org/springframework/boot/spring-boot-test/2.7.2/spring-boot-test-2.7.2.jar:/Users/varshakuruva/.m2/repository/org/springframework/boot/spring-boot-test-autoconfigure/2.7.2/spring-boot-test-autoconfigure-2.7.2.jar:/Users/varshakuruva/.m2/repository/com/jayway/jsonpath/json-path/2.7.0/json-path-2.7.0.jar:/Users/varshakuruva/.m2/repository/net/minidev/json-smart/2.4.8/json-smart-2.4.8.jar:/Users/varshakuruva/.m2/repository/net/minidev/accessors-smart/2.4.8/accessors-smart-2.4.8.jar:/Users/varshakuruva/.m2/repository/org/ow2/asm/asm/9.1/asm-9.1.jar:/Users/varshakuruva/.m2/repository/jakarta/xml/bind/jakarta.xml.bind-api/2.3.3/jakarta.xml.bind-api-2.3.3.jar:/Users/varshakuruva/.m2/repository/jakarta/activation/jakarta.activation-api/1.2.2/jakarta.activation-api-1.2.2.jar:/Users/varshakuruva/.m2/repository/org/assertj/assertj-core/3.22.0/assertj-core-3.22.0.jar:/Users/varshakuruva/.m2/repository/org/hamcrest/hamcrest/2.2/hamcrest-2.2.jar:/Users/varshakuruva/.m2/repository/org/junit/jupiter/junit-jupiter/5.8.2/junit-jupiter-5.8.2.jar:/Users/varshakuruva/.m2/repository/org/junit/jupiter/junit-jupiter-api/5.8.2/junit-jupiter-api-5.8.2.jar:/Users/varshakuruva/.m2/repository/org/opentest4j/opentest4j/1.2.0/opentest4j-1.2.0.jar:/Users/varshakuruva/.m2/repository/org/junit/platform/junit-platform-commons/1.8.2/junit-platform-commons-1.8.2.jar:/Users/varshakuruva/.m2/repository/org/apiguardian/apiguardian-api/1.1.2/apiguardian-api-1.1.2.jar:/Users/varshakuruva/.m2/repository/org/junit/jupiter/junit-jupiter-params/5.8.2/junit-jupiter-params-5.8.2.jar:/Users/varshakuruva/.m2/repository/org/junit/jupiter/junit-jupiter-engine/5.8.2/junit-jupiter-engine-5.8.2.jar:/Users/varshakuruva/.m2/repository/org/junit/platform/junit-platform-engine/1.8.2/junit-platform-engine-1.8.2.jar:/Users/varshakuruva/.m2/repository/org/mockito/mockito-core/4.5.1/mockito-core-4.5.1.jar:/Users/varshakuruva/.m2/repository/net/bytebuddy/byte-buddy/1.12.12/byte-buddy-1.12.12.jar:/Users/varshakuruva/.m2/repository/net/bytebuddy/byte-buddy-agent/1.12.12/byte-buddy-agent-1.12.12.jar:/Users/varshakuruva/.m2/repository/org/objenesis/objenesis/3.2/objenesis-3.2.jar:/Users/varshakuruva/.m2/repository/org/mockito/mockito-junit-jupiter/4.5.1/mockito-junit-jupiter-4.5.1.jar:/Users/varshakuruva/.m2/repository/org/skyscreamer/jsonassert/1.5.1/jsonassert-1.5.1.jar:/Users/varshakuruva/.m2/repository/com/vaadin/external/google/android-json/0.0.20131108.vaadin1/android-json-0.0.20131108.vaadin1.jar:/Users/varshakuruva/.m2/repository/org/springframework/spring-core/5.3.22/spring-core-5.3.22.jar:/Users/varshakuruva/.m2/repository/org/springframework/spring-jcl/5.3.22/spring-jcl-5.3.22.jar:/Users/varshakuruva/.m2/repository/org/springframework/spring-test/5.3.22/spring-test-5.3.22.jar:/Users/varshakuruva/.m2/repository/org/xmlunit/xmlunit-core/2.9.0/xmlunit-core-2.9.0.jar:/Users/varshakuruva/.m2/repository/org/apache/httpcomponents/httpclient/4.5.12/httpclient-4.5.12.jar:/Users/varshakuruva/.m2/repository/org/apache/httpcomponents/httpcore/4.4.15/httpcore-4.4.15.jar:/Users/varshakuruva/.m2/repository/commons-codec/commons-codec/1.15/commons-codec-1.15.jar:/Users/varshakuruva/.m2/repository/com/rabbitmq/amqp-client/5.8.0/amqp-client-5.8.0.jar:/Users/varshakuruva/.m2/repository/org/springframework/boot/spring-boot-starter-amqp/2.7.2/spring-boot-starter-amqp-2.7.2.jar:/Users/varshakuruva/.m2/repository/org/springframework/spring-messaging/5.3.22/spring-messaging-5.3.22.jar:/Users/varshakuruva/.m2/repository/org/springframework/amqp/spring-rabbit/2.4.6/spring-rabbit-2.4.6.jar:/Users/varshakuruva/.m2/repository/org/springframework/amqp/spring-amqp/2.4.6/spring-amqp-2.4.6.jar:/Users/varshakuruva/.m2/repository/org/springframework/retry/spring-retry/1.3.3/spring-retry-1.3.3.jar:/Users/varshakuruva/.m2/repository/org/elasticsearch/client/elasticsearch-rest-high-level-client/7.17.4/elasticsearch-rest-high-level-client-7.17.4.jar:/Users/varshakuruva/.m2/repository/org/elasticsearch/elasticsearch/7.17.4/elasticsearch-7.17.4.jar:/Users/varshakuruva/.m2/repository/org/elasticsearch/elasticsearch-core/7.17.4/elasticsearch-core-7.17.4.jar:/Users/varshakuruva/.m2/repository/org/elasticsearch/elasticsearch-secure-sm/7.17.4/elasticsearch-secure-sm-7.17.4.jar:/Users/varshakuruva/.m2/repository/org/elasticsearch/elasticsearch-x-content/7.17.4/elasticsearch-x-content-7.17.4.jar:/Users/varshakuruva/.m2/repository/com/fasterxml/jackson/dataformat/jackson-dataformat-smile/2.13.3/jackson-dataformat-smile-2.13.3.jar:/Users/varshakuruva/.m2/repository/com/fasterxml/jackson/dataformat/jackson-dataformat-yaml/2.13.3/jackson-dataformat-yaml-2.13.3.jar:/Users/varshakuruva/.m2/repository/com/fasterxml/jackson/dataformat/jackson-dataformat-cbor/2.13.3/jackson-dataformat-cbor-2.13.3.jar:/Users/varshakuruva/.m2/repository/org/elasticsearch/elasticsearch-geo/7.17.4/elasticsearch-geo-7.17.4.jar:/Users/varshakuruva/.m2/repository/org/elasticsearch/elasticsearch-lz4/7.17.4/elasticsearch-lz4-7.17.4.jar:/Users/varshakuruva/.m2/repository/org/lz4/lz4-java/1.8.0/lz4-java-1.8.0.jar:/Users/varshakuruva/.m2/repository/org/apache/lucene/lucene-core/8.11.1/lucene-core-8.11.1.jar:/Users/varshakuruva/.m2/repository/org/apache/lucene/lucene-analyzers-common/8.11.1/lucene-analyzers-common-8.11.1.jar:/Users/varshakuruva/.m2/repository/org/apache/lucene/lucene-backward-codecs/8.11.1/lucene-backward-codecs-8.11.1.jar:/Users/varshakuruva/.m2/repository/org/apache/lucene/lucene-grouping/8.11.1/lucene-grouping-8.11.1.jar:/Users/varshakuruva/.m2/repository/org/apache/lucene/lucene-highlighter/8.11.1/lucene-highlighter-8.11.1.jar:/Users/varshakuruva/.m2/repository/org/apache/lucene/lucene-join/8.11.1/lucene-join-8.11.1.jar:/Users/varshakuruva/.m2/repository/org/apache/lucene/lucene-memory/8.11.1/lucene-memory-8.11.1.jar:/Users/varshakuruva/.m2/repository/org/apache/lucene/lucene-misc/8.11.1/lucene-misc-8.11.1.jar:/Users/varshakuruva/.m2/repository/org/apache/lucene/lucene-queries/8.11.1/lucene-queries-8.11.1.jar:/Users/varshakuruva/.m2/repository/org/apache/lucene/lucene-queryparser/8.11.1/lucene-queryparser-8.11.1.jar:/Users/varshakuruva/.m2/repository/org/apache/lucene/lucene-sandbox/8.11.1/lucene-sandbox-8.11.1.jar:/Users/varshakuruva/.m2/repository/org/apache/lucene/lucene-spatial3d/8.11.1/lucene-spatial3d-8.11.1.jar:/Users/varshakuruva/.m2/repository/org/apache/lucene/lucene-suggest/8.11.1/lucene-suggest-8.11.1.jar:/Users/varshakuruva/.m2/repository/org/elasticsearch/elasticsearch-cli/7.17.4/elasticsearch-cli-7.17.4.jar:/Users/varshakuruva/.m2/repository/net/sf/jopt-simple/jopt-simple/5.0.2/jopt-simple-5.0.2.jar:/Users/varshakuruva/.m2/repository/com/carrotsearch/hppc/0.8.1/hppc-0.8.1.jar:/Users/varshakuruva/.m2/repository/joda-time/joda-time/2.10.10/joda-time-2.10.10.jar:/Users/varshakuruva/.m2/repository/com/tdunning/t-digest/3.2/t-digest-3.2.jar:/Users/varshakuruva/.m2/repository/org/hdrhistogram/HdrHistogram/2.1.9/HdrHistogram-2.1.9.jar:/Users/varshakuruva/.m2/repository/org/apache/logging/log4j/log4j-api/2.17.2/log4j-api-2.17.2.jar:/Users/varshakuruva/.m2/repository/net/java/dev/jna/jna/5.10.0/jna-5.10.0.jar:/Users/varshakuruva/.m2/repository/org/elasticsearch/elasticsearch-plugin-classloader/7.17.4/elasticsearch-plugin-classloader-7.17.4.jar:/Users/varshakuruva/.m2/repository/org/elasticsearch/client/elasticsearch-rest-client/7.17.4/elasticsearch-rest-client-7.17.4.jar:/Users/varshakuruva/.m2/repository/org/apache/httpcomponents/httpasyncclient/4.1.5/httpasyncclient-4.1.5.jar:/Users/varshakuruva/.m2/repository/org/apache/httpcomponents/httpcore-nio/4.4.15/httpcore-nio-4.4.15.jar:/Users/varshakuruva/.m2/repository/org/elasticsearch/plugin/mapper-extras-client/7.17.4/mapper-extras-client-7.17.4.jar:/Users/varshakuruva/.m2/repository/org/elasticsearch/plugin/parent-join-client/7.17.4/parent-join-client-7.17.4.jar:/Users/varshakuruva/.m2/repository/org/elasticsearch/plugin/aggs-matrix-stats-client/7.17.4/aggs-matrix-stats-client-7.17.4.jar:/Users/varshakuruva/.m2/repository/org/elasticsearch/plugin/rank-eval-client/7.17.4/rank-eval-client-7.17.4.jar:/Users/varshakuruva/.m2/repository/org/elasticsearch/plugin/lang-mustache-client/7.17.4/lang-mustache-client-7.17.4.jar:/Users/varshakuruva/.m2/repository/com/github/spullara/mustache/java/compiler/0.9.6/compiler-0.9.6.jar:/Users/varshakuruva/.m2/repository/org/springframework/data/spring-data-elasticsearch/4.1.3/spring-data-elasticsearch-4.1.3.jar:/Users/varshakuruva/.m2/repository/org/springframework/spring-context/5.3.22/spring-context-5.3.22.jar:/Users/varshakuruva/.m2/repository/org/springframework/data/spring-data-commons/2.7.2/spring-data-commons-2.7.2.jar:/Users/varshakuruva/.m2/repository/org/elasticsearch/client/transport/7.17.4/transport-7.17.4.jar:/Users/varshakuruva/.m2/repository/org/elasticsearch/plugin/reindex-client/7.17.4/reindex-client-7.17.4.jar:/Users/varshakuruva/.m2/repository/org/elasticsearch/elasticsearch-ssl-config/7.17.4/elasticsearch-ssl-config-7.17.4.jar:/Users/varshakuruva/.m2/repository/org/elasticsearch/plugin/percolator-client/7.17.4/percolator-client-7.17.4.jar:/Users/varshakuruva/.m2/repository/org/elasticsearch/plugin/transport-netty4-client/7.17.4/transport-netty4-client-7.17.4.jar:/Users/varshakuruva/.m2/repository/io/netty/netty-buffer/4.1.79.Final/netty-buffer-4.1.79.Final.jar:/Users/varshakuruva/.m2/repository/io/netty/netty-codec/4.1.79.Final/netty-codec-4.1.79.Final.jar:/Users/varshakuruva/.m2/repository/io/netty/netty-codec-http/4.1.79.Final/netty-codec-http-4.1.79.Final.jar:/Users/varshakuruva/.m2/repository/io/netty/netty-common/4.1.79.Final/netty-common-4.1.79.Final.jar:/Users/varshakuruva/.m2/repository/io/netty/netty-handler/4.1.79.Final/netty-handler-4.1.79.Final.jar:/Users/varshakuruva/.m2/repository/io/netty/netty-resolver/4.1.79.Final/netty-resolver-4.1.79.Final.jar:/Users/varshakuruva/.m2/repository/io/netty/netty-transport/4.1.79.Final/netty-transport-4.1.79.Final.jar:"/>
    <property name="sun.cpu.endian" value="little"/>
    <property name="user.home" value="/Users/varshakuruva"/>
    <property name="user.language" value="en"/>
    <property name="java.specification.vendor" value="Oracle Corporation"/>
    <property name="java.version.date" value="2022-08-18"/>
    <property name="java.home" value="/Library/Java/JavaVirtualMachines/jdk-11.0.16.1.jdk/Contents/Home"/>
    <property name="file.separator" value="/"/>
    <property name="style.color" value="always"/>
    <property name="basedir" value="/Users/varshakuruva/Desktop/Big Data Indexing/Demo3_bleh/Demo 3/demo_3_test"/>
    <property name="java.vm.compressedOopsMode" value="Zero based"/>
    <property name="line.separator" value="&#10;"/>
    <property name="java.specification.name" value="Java Platform API Specification"/>
    <property name="java.vm.specification.vendor" value="Oracle Corporation"/>
    <property name="java.awt.graphicsenv" value="sun.awt.CGraphicsEnvironment"/>
    <property name="surefire.real.class.path" value="/Users/varshakuruva/Desktop/Big Data Indexing/Demo3_bleh/Demo 3/demo_3_test/target/surefire/surefirebooter1606036663214740879.jar"/>
    <property name="sun.management.compiler" value="HotSpot 64-Bit Tiered Compilers"/>
    <property name="ftp.nonProxyHosts" value="local|*.local|169.254/16|*.169.254/16"/>
    <property name="java.runtime.version" value="11.0.16.1+1-LTS-1"/>
    <property name="user.name" value="varshakuruva"/>
    <property name="path.separator" value=":"/>
    <property name="os.version" value="14.0"/>
    <property name="java.runtime.name" value="Java(TM) SE Runtime Environment"/>
    <property name="file.encoding" value="UTF-8"/>
    <property name="java.vm.name" value="Java HotSpot(TM) 64-Bit Server VM"/>
    <property name="java.vendor.version" value="18.9"/>
    <property name="localRepository" value="/Users/varshakuruva/.m2/repository"/>
    <property name="java.vendor.url.bug" value="https://bugreport.java.com/bugreport/"/>
    <property name="java.io.tmpdir" value="/var/folders/lx/fqbvf76n3nv6c93g4ql2zvs40000gn/T/"/>
    <property name="java.version" value="11.0.16.1"/>
    <property name="user.dir" value="/Users/varshakuruva/Desktop/Big Data Indexing/Demo3_bleh/Demo 3/demo_3_test"/>
    <property name="os.arch" value="aarch64"/>
    <property name="java.vm.specification.name" value="Java Virtual Machine Specification"/>
    <property name="java.awt.printerjob" value="sun.lwawt.macosx.CPrinterJob"/>
    <property name="sun.os.patch.level" value="unknown"/>
    <property name="java.library.path" value="/Users/varshakuruva/Library/Java/Extensions:/Library/Java/Extensions:/Network/Library/Java/Extensions:/System/Library/Java/Extensions:/usr/lib/java:."/>
    <property name="java.vendor" value="Oracle Corporation"/>
    <property name="java.vm.info" value="mixed mode"/>
    <property name="java.vm.version" value="11.0.16.1+1-LTS-1"/>
    <property name="sun.io.unicode.encoding" value="UnicodeBig"/>
    <property name="java.class.version" value="55.0"/>
    <property name="socksNonProxyHosts" value="local|*.local|169.254/16|*.169.254/16"/>
  </properties>
  <testcase name="contextLoads" classname="com.info7255.demo.DemoApplicationTests" time="0.145"/>
</testsuite>